[2019-08-17 15:05:33,393][MainThread:9640][task_id:user][src.py:39][INFO][zz注册成功]
[2019-08-17 15:05:43,223][MainThread:9640][task_id:user][src.py:19][INFO][zz登录成功]
[2019-08-17 15:28:51,546][MainThread:4028][task_id:user][src.py:19][INFO][zz登录成功]
[2019-08-17 15:30:20,180][MainThread:9936][task_id:user][src.py:19][INFO][zz登录成功]
[2019-08-17 15:30:23,670][MainThread:9936][task_id:user][src.py:51][INFO][zz查看余额，余额为15000]
[2019-08-17 15:34:13,054][MainThread:5624][task_id:user][src.py:19][INFO][zz登录成功]
[2019-08-17 15:37:03,778][MainThread:12952][task_id:user][src.py:19][INFO][zz登录成功]
[2019-08-17 15:37:21,609][MainThread:12952][task_id:user][src.py:66][INFO][zz向aa转了100]
[2019-08-17 16:04:37,162][MainThread:9384][task_id:user][src.py:19][INFO][zz登录成功]
[2019-08-17 16:04:42,689][MainThread:9384][task_id:user][src.py:77][INFO][zz还款100.49999999999999成功]
[2019-08-17 16:19:17,949][MainThread:4952][task_id:user][src.py:25][INFO][zz登录成功]
[2019-08-17 16:19:39,197][MainThread:4952][task_id:user][src.py:95][INFO][zz取现2000成功]
[2019-08-17 16:19:44,680][MainThread:4952][task_id:user][src.py:57][INFO][zz查看余额，余额为13000]
[2019-08-17 16:23:07,476][MainThread:8656][task_id:user][src.py:25][INFO][zz登录成功]
[2019-08-17 16:23:10,724][MainThread:8656][task_id:user][src.py:13][INFO][None已经注销]
[2019-08-17 16:36:35,951][MainThread:11848][task_id:user][src.py:26][INFO][zz登录成功]
[2019-08-17 16:44:54,820][MainThread:7116][task_id:user][src.py:26][INFO][zz登录成功]
[2019-08-17 16:52:41,349][MainThread:9996][task_id:user][src.py:47][INFO][aa注册成功]
[2019-08-17 16:52:48,552][MainThread:9996][task_id:user][src.py:26][INFO][aa登录成功]
[2019-08-17 16:59:02,775][MainThread:11532][task_id:__main__][settings.py:93][INFO][It works!]
[2019-08-17 17:02:58,715][MainThread:9456][task_id:user][src.py:26][INFO][aa登录成功]
[2019-08-17 17:05:25,187][MainThread:6992][task_id:user][src.py:26][INFO][aa登录成功]
[2019-08-17 21:31:35,234][MainThread:4576][task_id:__main__][settings.py:92][INFO][It works!]
[2019-08-17 21:32:15,920][MainThread:4196][task_id:user][src.py:13][INFO][None已经注销]
[2019-08-17 21:32:27,157][MainThread:4196][task_id:user][src.py:49][INFO][ins注册成功]
[2019-08-17 21:32:33,794][MainThread:4196][task_id:user][src.py:28][INFO][ins登录成功]
[2019-08-17 21:32:37,572][MainThread:4196][task_id:user][src.py:62][INFO][ins查看余额，余额为15000]
[2019-08-17 21:32:54,270][MainThread:4196][task_id:user][src.py:77][INFO][ins向aa转了1000]
[2019-08-17 21:32:59,570][MainThread:4196][task_id:user][src.py:62][INFO][ins查看余额，余额为14000]
[2019-08-17 21:33:16,043][MainThread:4196][task_id:user][src.py:88][INFO][ins还款1004.9999999999999成功]
[2019-08-17 21:33:30,197][MainThread:4196][task_id:user][src.py:100][INFO][ins取现14000成功]
[2019-08-17 21:33:33,601][MainThread:4196][task_id:user][src.py:62][INFO][ins查看余额，余额为1000]
[2019-08-17 21:33:47,230][MainThread:4196][task_id:user][src.py:107][INFO][ins查看了流水]
[2019-08-17 21:34:14,304][MainThread:4196][task_id:user][src.py:116][INFO][ins已加入购物车{'wawa': 2000}]
[2019-08-17 21:34:59,669][MainThread:6276][task_id:user][src.py:28][INFO][ins登录成功]
[2019-08-17 21:35:02,586][MainThread:6276][task_id:user][src.py:62][INFO][ins查看余额，余额为1000]
[2019-08-17 21:35:13,690][MainThread:6276][task_id:user][src.py:88][INFO][ins还款14069.999999999998成功]
[2019-08-17 21:35:22,070][MainThread:6276][task_id:user][src.py:107][INFO][ins查看了流水]
[2019-08-19 21:25:48,967][MainThread:9044][task_id:user][src.py:28][INFO][aa登录成功]
[2019-08-19 21:25:51,056][MainThread:9044][task_id:user][src.py:107][INFO][aa查看了流水]
